Determining if the pthread_create exist failed with the following output:
Change Dir: /home/pi/hello_pixy/CMakeFiles/CMakeTmp

Run Build Command:"/usr/bin/make" "cmTC_01134/fast"
/usr/bin/make -f CMakeFiles/cmTC_01134.dir/build.make CMakeFiles/cmTC_01134.dir/build
make[1]: Entering directory '/home/pi/hello_pixy/CMakeFiles/CMakeTmp'
Building CXX object CMakeFiles/cmTC_01134.dir/CheckSymbolExists.cxx.o
/usr/bin/c++      -o CMakeFiles/cmTC_01134.dir/CheckSymbolExists.cxx.o -c /home/pi/hello_pixy/CMakeFiles/CMakeTmp/CheckSymbolExists.cxx
Linking CXX executable cmTC_01134
/usr/bin/cmake -E cmake_link_script CMakeFiles/cmTC_01134.dir/link.txt --verbose=1
/usr/bin/c++        CMakeFiles/cmTC_01134.dir/CheckSymbolExists.cxx.o  -o cmTC_01134 -rdynamic 
CMakeFiles/cmTC_01134.dir/CheckSymbolExists.cxx.o: In function `main':
CheckSymbolExists.cxx:(.text+0x38): undefined reference to `pthread_create'
collect2: error: ld returned 1 exit status
CMakeFiles/cmTC_01134.dir/build.make:97: recipe for target 'cmTC_01134' failed
make[1]: *** [cmTC_01134] Error 1
make[1]: Leaving directory '/home/pi/hello_pixy/CMakeFiles/CMakeTmp'
Makefile:126: recipe for target 'cmTC_01134/fast' failed
make: *** [cmTC_01134/fast] Error 2

File /home/pi/hello_pixy/CMakeFiles/CMakeTmp/CheckSymbolExists.cxx:
/* */
#include <pthread.h>

int main(int argc, char** argv)
{
  (void)argv;
#ifndef pthread_create
  return ((int*)(&pthread_create))[argc];
#else
  (void)argc;
  return 0;
#endif
}

Determining if the function pthread_create exists in the pthreads failed with the following output:
Change Dir: /home/pi/hello_pixy/CMakeFiles/CMakeTmp

Run Build Command:"/usr/bin/make" "cmTC_c3766/fast"
/usr/bin/make -f CMakeFiles/cmTC_c3766.dir/build.make CMakeFiles/cmTC_c3766.dir/build
make[1]: Entering directory '/home/pi/hello_pixy/CMakeFiles/CMakeTmp'
Building CXX object CMakeFiles/cmTC_c3766.dir/CheckFunctionExists.cxx.o
/usr/bin/c++     -DCHECK_FUNCTION_EXISTS=pthread_create   -o CMakeFiles/cmTC_c3766.dir/CheckFunctionExists.cxx.o -c /home/pi/hello_pixy/CMakeFiles/CheckLibraryExists/CheckFunctionExists.cxx
Linking CXX executable cmTC_c3766
/usr/bin/cmake -E cmake_link_script CMakeFiles/cmTC_c3766.dir/link.txt --verbose=1
/usr/bin/c++    -DCHECK_FUNCTION_EXISTS=pthread_create    CMakeFiles/cmTC_c3766.dir/CheckFunctionExists.cxx.o  -o cmTC_c3766 -rdynamic -lpthreads 
/usr/bin/ld: cannot find -lpthreads
collect2: error: ld returned 1 exit status
CMakeFiles/cmTC_c3766.dir/build.make:97: recipe for target 'cmTC_c3766' failed
make[1]: *** [cmTC_c3766] Error 1
make[1]: Leaving directory '/home/pi/hello_pixy/CMakeFiles/CMakeTmp'
Makefile:126: recipe for target 'cmTC_c3766/fast' failed
make: *** [cmTC_c3766/fast] Error 2


